<?xml version="1.0" encoding="UTF-8"?>
<!-- Generated by org.testng.reporters.JUnitReportReporter -->
<testsuite hostname="Tanvir-ACER" failures="0" tests="1" name="com.webappsecurity.zero.testscripts.VerifyFundTransfer" time="26.072" errors="0" timestamp="2021-02-05T19:31:13 PST" skipped="0">
  <testcase classname="com.webappsecurity.zero.testscripts.VerifyFundTransfer" name="verifyTransfer" time="26.072"/>
</testsuite> <!-- com.webappsecurity.zero.testscripts.VerifyFundTransfer -->
